#
# There is insufficient memory for the Java Runtime Environment to continue.
# Native memory allocation (malloc) failed to allocate 390256 bytes for Chunk::new
# Possible reasons:
#   The system is out of physical RAM or swap space
#   In 32 bit mode, the process size limit was hit
# Possible solutions:
#   Reduce memory load on the system
#   Increase physical memory or swap space
#   Check if swap backing store is full
#   Use 64 bit Java on a 64 bit OS
#   Decrease Java heap size (-Xmx/-Xms)
#   Decrease number of Java threads
#   Decrease Java thread stack sizes (-Xss)
#   Set larger code cache with -XX:ReservedCodeCacheSize=
# This output file may be truncated or incomplete.
#
#  Out of Memory Error (allocation.cpp:390), pid=7080, tid=0x0000000000001844
#
# JRE version: OpenJDK Runtime Environment (8.0_76-b03) (build 1.8.0_76-release-b03)
# Java VM: OpenJDK 64-Bit Server VM (25.76-b03 mixed mode windows-amd64 compressed oops)
# Failed to write core dump. Minidumps are not enabled by default on client versions of Windows
#

---------------  T H R E A D  ---------------

Current thread (0x0000000016b6d800):  JavaThread "C2 CompilerThread1" daemon [_thread_in_native, id=6212, stack(0x0000000018610000,0x0000000018710000)]

Stack: [0x0000000018610000,0x0000000018710000]
[error occurred during error reporting (printing stack bounds), id 0xc0000005]

Native frames: (J=compiled Java code, j=interpreted, Vv=VM code, C=native code)


Current CompileTask:
C2:  79308 13542       4       com.android.dx.ssa.SsaConverter::placePhiFunctions (394 bytes)


---------------  P R O C E S S  ---------------

Java Threads: ( => current thread )
  0x0000000019a8a000 JavaThread "pool-32-thread-1" [_thread_in_Java, id=1192, stack(0x0000000026090000,0x0000000026190000)]
  0x0000000019a8b800 JavaThread "pool-23-thread-1" [_thread_in_Java, id=8812, stack(0x0000000025f90000,0x0000000026090000)]
  0x0000000019a93000 JavaThread "pool-36-thread-4" [_thread_in_Java, id=5588, stack(0x0000000025e90000,0x0000000025f90000)]
  0x0000000019a92800 JavaThread "pool-36-thread-3" [_thread_in_Java, id=3196, stack(0x0000000025d90000,0x0000000025e90000)]
  0x0000000019a8a800 JavaThread "pool-36-thread-2" [_thread_in_Java, id=6200, stack(0x0000000025c90000,0x0000000025d90000)]
  0x0000000019a91800 JavaThread "pool-37-thread-1" [_thread_blocked, id=2248, stack(0x0000000025b90000,0x0000000025c90000)]
  0x0000000019a8e800 JavaThread "pool-36-thread-1" [_thread_in_Java, id=3240, stack(0x0000000025a90000,0x0000000025b90000)]
  0x000000001b9f2000 JavaThread "pool-12-thread-4" [_thread_in_Java, id=4840, stack(0x0000000022b90000,0x0000000022c90000)]
  0x000000001b9f1800 JavaThread "pool-12-thread-3" [_thread_in_Java, id=11284, stack(0x0000000022a90000,0x0000000022b90000)]
  0x000000001b9ef000 JavaThread "pool-12-thread-2" [_thread_in_Java, id=10532, stack(0x0000000022990000,0x0000000022a90000)]
  0x000000001b9f6000 JavaThread "pool-17-thread-1" [_thread_blocked, id=3976, stack(0x0000000022890000,0x0000000022990000)]
  0x000000001b9f5000 JavaThread "pool-12-thread-1" [_thread_in_Java, id=13252, stack(0x0000000022790000,0x0000000022890000)]
  0x000000001b9ee800 JavaThread "pool-7-thread-4" [_thread_in_vm, id=10616, stack(0x0000000022690000,0x0000000022790000)]
  0x000000001b9f4800 JavaThread "pool-7-thread-3" [_thread_blocked, id=4936, stack(0x0000000022590000,0x0000000022690000)]
  0x000000001b9ed800 JavaThread "pool-7-thread-2" [_thread_blocked, id=2148, stack(0x0000000022490000,0x0000000022590000)]
  0x000000001c6b0800 JavaThread "pool-7-thread-1" [_thread_blocked, id=13076, stack(0x0000000022390000,0x0000000022490000)]
  0x000000001c6ad800 JavaThread "pool-4-thread-4" [_thread_blocked, id=5636, stack(0x0000000021a90000,0x0000000021b90000)]
  0x000000001c6a9800 JavaThread "pool-4-thread-3" [_thread_blocked, id=6524, stack(0x0000000021990000,0x0000000021a90000)]
  0x000000001c6ac000 JavaThread "pool-4-thread-2" [_thread_blocked, id=9748, stack(0x0000000021890000,0x0000000021990000)]
  0x000000001c6ab000 JavaThread "pool-4-thread-1" [_thread_blocked, id=11824, stack(0x0000000021790000,0x0000000021890000)]
  0x000000001c6af800 JavaThread "pool-2-thread-1" [_thread_blocked, id=8780, stack(0x000000001f2c0000,0x000000001f3c0000)]
  0x000000001c6ae000 JavaThread "File lock request listener" [_thread_in_native, id=6564, stack(0x000000001d270000,0x000000001d370000)]
  0x00000000199c6000 JavaThread "Asynchronous log dispatcher for org.gradle.launcher.daemon.server.DefaultDaemonConnection@1d16faa4" [_thread_blocked, id=3680, stack(0x000000001acd0000,0x000000001add0000)]
  0x0000000019b5b000 JavaThread "Daemon worker" [_thread_blocked, id=200, stack(0x000000001a9d0000,0x000000001aad0000)]
  0x0000000019b71000 JavaThread "Cancel handler" [_thread_blocked, id=7112, stack(0x000000001a8d0000,0x000000001a9d0000)]
  0x0000000019b49800 JavaThread "Handler for socket connection from /127.0.0.1:18223 to /127.0.0.1:18224" [_thread_in_native, id=4412, stack(0x000000001a7d0000,0x000000001a8d0000)]
  0x0000000019b36000 JavaThread "Daemon" [_thread_blocked, id=5576, stack(0x000000001a6d0000,0x000000001a7d0000)]
  0x0000000019563800 JavaThread "pool-1-thread-1" [_thread_blocked, id=2864, stack(0x000000001a5d0000,0x000000001a6d0000)]
  0x00000000195da000 JavaThread "Incoming local TCP Connector on port 18223" [_thread_in_native, id=12416, stack(0x0000000019210000,0x0000000019310000)]
  0x0000000017f97800 JavaThread "Service Thread" daemon [_thread_blocked, id=12360, stack(0x0000000018810000,0x0000000018910000)]
  0x0000000016bb8000 JavaThread "C1 CompilerThread2" daemon [_thread_in_native, id=4724, stack(0x0000000018710000,0x0000000018810000)]
=>0x0000000016b6d800 JavaThread "C2 CompilerThread1" daemon [_thread_in_native, id=6212, stack(0x0000000018610000,0x0000000018710000)]
  0x0000000016b6b000 JavaThread "C2 CompilerThread0" daemon [_thread_in_native, id=6420, stack(0x0000000018510000,0x0000000018610000)]
  0x0000000016bb7800 JavaThread "Attach Listener" daemon [_thread_blocked, id=3008, stack(0x0000000018410000,0x0000000018510000)]
  0x0000000017f18800 JavaThread "Signal Dispatcher" daemon [_thread_blocked, id=9800, stack(0x0000000018310000,0x0000000018410000)]
  0x00000000031eb000 JavaThread "Finalizer" daemon [_thread_blocked, id=10732, stack(0x0000000017db0000,0x0000000017eb0000)]
  0x00000000031df800 JavaThread "Reference Handler" daemon [_thread_blocked, id=976, stack(0x0000000017cb0000,0x0000000017db0000)]
  0x00000000030f0800 JavaThread "main" [_thread_blocked, id=6920, stack(0x0000000002c50000,0x0000000002d50000)]

Other Threads:
  0x0000000016b26000 VMThread [stack: 0x0000000017bb0000,0x0000000017cb0000] [id=1904]
  0x0000000017f99800 WatcherThread [stack: 0x0000000018910000,0x0000000018a10000] [id=5736]

VM state:not at safepoint (normal execution)

VM Mutex/Monitor currently owned by a thread:  ([mutex/lock_event])
[0x0000000002d7e420] Compile_lock - owner thread: 0x0000000000000000

Heap:
 PSYoungGen      total 391680K, used 96164K [0x00000000e0000000, 0x00000000ff900000, 0x0000000100000000)
  eden space 338432K, 13% used [0x00000000e0000000,0x00000000e2b1aec8,0x00000000f4a80000)
  from space 53248K, 97% used [0x00000000fc500000,0x00000000ff7ce1b8,0x00000000ff900000)
  to   space 44544K, 0% used [0x00000000f4a80000,0x00000000f4a80000,0x00000000f7600000)
 ParOldGen       total 243712K, used 158767K [0x00000000a0000000, 0x00000000aee00000, 0x00000000e0000000)
  object space 243712K, 65% used [0x00000000a0000000,0x00000000a9b0bf40,0x00000000aee00000)
 Metaspace       used 64276K, capacity 65958K, committed 66712K, reserved 1107968K
  class space    used 8121K, capacity 8545K, committed 8624K, reserved 1048576K

Card table byte_map: [0x00000000125b0000,0x00000000128c0000] byte_map_base: 0x00000000120b0000

Marking Bits: (ParMarkBitMap*) 0x000000006ac59d00
 Begin Bits: [0x0000000012ec0000, 0x00000000146c0000)
 End Bits:   [0x00000000146c0000, 0x0000000015ec0000)

Polling page: 0x0000000001090000

CodeCache: size=245760Kb used=39854Kb max_used=40170Kb free=205905Kb
 bounds [0x00000000031f0000, 0x00000000059a0000, 0x00000000121f0000]
 total_blobs=11873 nmethods=11129 adapters=657
 compilation: enabled

Compilation events (10 events):
Event: 79.172 Thread 0x0000000016b6d800 nmethod 13469 0x0000000004e7c4d0 code [0x0000000004e7c620, 0x0000000004e7c9f8]
Event: 79.172 Thread 0x0000000016b6d800 13542       4       com.android.dx.ssa.SsaConverter::placePhiFunctions (394 bytes)
Event: 79.225 Thread 0x0000000016bb8000 14022       2       java.util.TreeMap$Entry::setValue (12 bytes)
Event: 79.226 Thread 0x0000000016bb8000 nmethod 14022 0x00000000055945d0 code [0x0000000005594720, 0x0000000005594890]
Event: 79.247 Thread 0x0000000016bb8000 14023       2       com.android.dx.dex.code.form.Form20t::branchFits (22 bytes)
Event: 79.248 Thread 0x0000000016bb8000 nmethod 14023 0x0000000004cbd950 code [0x0000000004cbdae0, 0x0000000004cbddd8]
Event: 79.259 Thread 0x0000000016bb8000 14025       2       com.android.dx.dex.file.UniformListItem::place0 (127 bytes)
Event: 79.260 Thread 0x0000000016bb8000 nmethod 14025 0x0000000004f52410 code [0x0000000004f52600, 0x0000000004f52b68]
Event: 79.272 Thread 0x0000000016bb8000 14026 %     3       com.android.dx.dex.file.DebugInfoEncoder::buildSortedPositions @ 30 (68 bytes)
Event: 79.274 Thread 0x0000000016bb8000 nmethod 14026% 0x000000000569edd0 code [0x000000000569f000, 0x000000000569fe38]

GC Heap History (10 events):
Event: 67.464 GC heap before
{Heap before GC invocations=18 (full 3):
 PSYoungGen      total 290304K, used 280121K [0x00000000e0000000, 0x00000000f3a80000, 0x0000000100000000)
  eden space 261632K, 100% used [0x00000000e0000000,0x00000000eff80000,0x00000000eff80000)
  from space 28672K, 64% used [0x00000000f1e80000,0x00000000f308e450,0x00000000f3a80000)
  to   space 30208K, 0% used [0x00000000eff80000,0x00000000eff80000,0x00000000f1d00000)
 ParOldGen       total 147968K, used 85038K [0x00000000a0000000, 0x00000000a9080000, 0x00000000e0000000)
  object space 147968K, 57% used [0x00000000a0000000,0x00000000a530bb28,0x00000000a9080000)
 Metaspace       used 64768K, capacity 66446K, committed 66456K, reserved 1107968K
  class space    used 8189K, capacity 8623K, committed 8624K, reserved 1048576K
Event: 67.660 GC heap after
Heap after GC invocations=18 (full 3):
 PSYoungGen      total 291840K, used 30189K [0x00000000e0000000, 0x00000000f9c80000, 0x0000000100000000)
  eden space 261632K, 0% used [0x00000000e0000000,0x00000000e0000000,0x00000000eff80000)
  from space 30208K, 99% used [0x00000000eff80000,0x00000000f1cfb790,0x00000000f1d00000)
  to   space 39424K, 0% used [0x00000000f7600000,0x00000000f7600000,0x00000000f9c80000)
 ParOldGen       total 147968K, used 97705K [0x00000000a0000000, 0x00000000a9080000, 0x00000000e0000000)
  object space 147968K, 66% used [0x00000000a0000000,0x00000000a5f6a668,0x00000000a9080000)
 Metaspace       used 64768K, capacity 66446K, committed 66456K, reserved 1107968K
  class space    used 8189K, capacity 8623K, committed 8624K, reserved 1048576K
}
Event: 71.169 GC heap before
{Heap before GC invocations=19 (full 3):
 PSYoungGen      total 291840K, used 291821K [0x00000000e0000000, 0x00000000f9c80000, 0x0000000100000000)
  eden space 261632K, 100% used [0x00000000e0000000,0x00000000eff80000,0x00000000eff80000)
  from space 30208K, 99% used [0x00000000eff80000,0x00000000f1cfb790,0x00000000f1d00000)
  to   space 39424K, 0% used [0x00000000f7600000,0x00000000f7600000,0x00000000f9c80000)
 ParOldGen       total 147968K, used 97705K [0x00000000a0000000, 0x00000000a9080000, 0x00000000e0000000)
  object space 147968K, 66% used [0x00000000a0000000,0x00000000a5f6a668,0x00000000a9080000)
 Metaspace       used 64794K, capacity 66510K, committed 66712K, reserved 1107968K
  class space    used 8189K, capacity 8623K, committed 8624K, reserved 1048576K
Event: 71.354 GC heap after
Heap after GC invocations=19 (full 3):
 PSYoungGen      total 377856K, used 36622K [0x00000000e0000000, 0x00000000fb200000, 0x0000000100000000)
  eden space 338432K, 0% used [0x00000000e0000000,0x00000000e0000000,0x00000000f4a80000)
  from space 39424K, 92% used [0x00000000f7600000,0x00000000f99c3ad8,0x00000000f9c80000)
  to   space 44544K, 0% used [0x00000000f4a80000,0x00000000f4a80000,0x00000000f7600000)
 ParOldGen       total 147968K, used 127334K [0x00000000a0000000, 0x00000000a9080000, 0x00000000e0000000)
  object space 147968K, 86% used [0x00000000a0000000,0x00000000a7c598c0,0x00000000a9080000)
 Metaspace       used 64794K, capacity 66510K, committed 66712K, reserved 1107968K
  class space    used 8189K, capacity 8623K, committed 8624K, reserved 1048576K
}
Event: 71.354 GC heap before
{Heap before GC invocations=20 (full 4):
 PSYoungGen      total 377856K, used 36622K [0x00000000e0000000, 0x00000000fb200000, 0x0000000100000000)
  eden space 338432K, 0% used [0x00000000e0000000,0x00000000e0000000,0x00000000f4a80000)
  from space 39424K, 92% used [0x00000000f7600000,0x00000000f99c3ad8,0x00000000f9c80000)
  to   space 44544K, 0% used [0x00000000f4a80000,0x00000000f4a80000,0x00000000f7600000)
 ParOldGen       total 147968K, used 127334K [0x00000000a0000000, 0x00000000a9080000, 0x00000000e0000000)
  object space 147968K, 86% used [0x00000000a0000000,0x00000000a7c598c0,0x00000000a9080000)
 Metaspace       used 64794K, capacity 66510K, committed 66712K, reserved 1107968K
  class space    used 8189K, capacity 8623K, committed 8624K, reserved 1048576K
Event: 72.521 GC heap after
Heap after GC invocations=20 (full 4):
 PSYoungGen      total 377856K, used 0K [0x00000000e0000000, 0x00000000fb200000, 0x0000000100000000)
  eden space 338432K, 0% used [0x00000000e0000000,0x00000000e0000000,0x00000000f4a80000)
  from space 39424K, 0% used [0x00000000f7600000,0x00000000f7600000,0x00000000f9c80000)
  to   space 44544K, 0% used [0x00000000f4a80000,0x00000000f4a80000,0x00000000f7600000)
 ParOldGen       total 243712K, used 114416K [0x00000000a0000000, 0x00000000aee00000, 0x00000000e0000000)
  object space 243712K, 46% used [0x00000000a0000000,0x00000000a6fbc328,0x00000000aee00000)
 Metaspace       used 64143K, capacity 65830K, committed 66712K, reserved 1107968K
  class space    used 8120K, capacity 8545K, committed 8624K, reserved 1048576K
}
Event: 75.795 GC heap before
{Heap before GC invocations=21 (full 4):
 PSYoungGen      total 377856K, used 338432K [0x00000000e0000000, 0x00000000fb200000, 0x0000000100000000)
  eden space 338432K, 100% used [0x00000000e0000000,0x00000000f4a80000,0x00000000f4a80000)
  from space 39424K, 0% used [0x00000000f7600000,0x00000000f7600000,0x00000000f9c80000)
  to   space 44544K, 0% used [0x00000000f4a80000,0x00000000f4a80000,0x00000000f7600000)
 ParOldGen       total 243712K, used 114416K [0x00000000a0000000, 0x00000000aee00000, 0x00000000e0000000)
  object space 243712K, 46% used [0x00000000a0000000,0x00000000a6fbc328,0x00000000aee00000)
 Metaspace       used 64223K, capacity 65894K, committed 66712K, reserved 1107968K
  class space    used 8120K, capacity 8545K, committed 8624K, reserved 1048576K
Event: 75.936 GC heap after
Heap after GC invocations=21 (full 4):
 PSYoungGen      total 382976K, used 44513K [0x00000000e0000000, 0x00000000ff900000, 0x0000000100000000)
  eden space 338432K, 0% used [0x00000000e0000000,0x00000000e0000000,0x00000000f4a80000)
  from space 44544K, 99% used [0x00000000f4a80000,0x00000000f75f84a0,0x00000000f7600000)
  to   space 53248K, 0% used [0x00000000fc500000,0x00000000fc500000,0x00000000ff900000)
 ParOldGen       total 243712K, used 119134K [0x00000000a0000000, 0x00000000aee00000, 0x00000000e0000000)
  object space 243712K, 48% used [0x00000000a0000000,0x00000000a7457af8,0x00000000aee00000)
 Metaspace       used 64223K, capacity 65894K, committed 66712K, reserved 1107968K
  class space    used 8120K, capacity 8545K, committed 8624K, reserved 1048576K
}
Event: 78.575 GC heap before
{Heap before GC invocations=22 (full 4):
 PSYoungGen      total 382976K, used 382945K [0x00000000e0000000, 0x00000000ff900000, 0x0000000100000000)
  eden space 338432K, 100% used [0x00000000e0000000,0x00000000f4a80000,0x00000000f4a80000)
  from space 44544K, 99% used [0x00000000f4a80000,0x00000000f75f84a0,0x00000000f7600000)
  to   space 53248K, 0% used [0x00000000fc500000,0x00000000fc500000,0x00000000ff900000)
 ParOldGen       total 243712K, used 119134K [0x00000000a0000000, 0x00000000aee00000, 0x00000000e0000000)
  object space 243712K, 48% used [0x00000000a0000000,0x00000000a7457af8,0x00000000aee00000)
 Metaspace       used 64273K, capacity 65958K, committed 66712K, reserved 1107968K
  class space    used 8121K, capacity 8545K, committed 8624K, reserved 1048576K
Event: 78.903 GC heap after
Heap after GC invocations=22 (full 4):
 PSYoungGen      total 391680K, used 52024K [0x00000000e0000000, 0x00000000ff900000, 0x0000000100000000)
  eden space 338432K, 0% used [0x00000000e0000000,0x00000000e0000000,0x00000000f4a80000)
  from space 53248K, 97% used [0x00000000fc500000,0x00000000ff7ce1b8,0x00000000ff900000)
  to   space 44544K, 0% used [0x00000000f4a80000,0x00000000f4a80000,0x00000000f7600000)
 ParOldGen       total 243712K, used 158767K [0x00000000a0000000, 0x00000000aee00000, 0x00000000e0000000)
  object space 243712K, 65% used [0x00000000a0000000,0x00000000a9b0bf40,0x00000000aee00000)
 Metaspace       used 64273K, capacity 65958K, committed 66712K, reserved 1107968K
  class space    used 8121K, capacity 8545K, committed 8624K, reserved 1048576K
}

Deoptimization events (10 events):
Event: 73.451 Thread 0x000000001b9ed800 Uncommon trap: reason=bimorphic action=maybe_recompile pc=0x0000000005946500 method=com.android.dx.cf.code.BytecodeArray.parseInstruction(ILcom/android/dx/cf/code/BytecodeArray$Visitor;)I @ 2135
Event: 73.451 Thread 0x000000001b9ed800 Uncommon trap: reason=bimorphic action=maybe_recompile pc=0x0000000005946500 method=com.android.dx.cf.code.BytecodeArray.parseInstruction(ILcom/android/dx/cf/code/BytecodeArray$Visitor;)I @ 2135
Event: 73.468 Thread 0x0000000019a8a800 Uncommon trap: reason=unstable_if action=reinterpret pc=0x000000000398f14c method=java.util.HashMap.getNode(ILjava/lang/Object;)Ljava/util/HashMap$Node; @ 84
Event: 73.468 Thread 0x0000000019a8a800 Uncommon trap: reason=unstable_if action=reinterpret pc=0x000000000395ffec method=java.util.HashMap.getNode(ILjava/lang/Object;)Ljava/util/HashMap$Node; @ 84
Event: 76.175 Thread 0x0000000019a8e000 Uncommon trap: reason=unstable_if action=reinterpret pc=0x000000000550caec method=com.android.dx.ssa.SCCP.simulateBranch(Lcom/android/dx/ssa/SsaInsn;)V @ 548
Event: 76.314 Thread 0x0000000019a8d000 Uncommon trap: reason=unstable_if action=reinterpret pc=0x000000000368923c method=java.lang.Long.numberOfTrailingZeros(J)I @ 3
Event: 77.101 Thread 0x000000001b9f1800 Uncommon trap: reason=bimorphic action=maybe_recompile pc=0x00000000059688b8 method=com.android.dx.cf.code.BytecodeArray.parseInstruction(ILcom/android/dx/cf/code/BytecodeArray$Visitor;)I @ 1003
Event: 77.101 Thread 0x000000001b9f1800 Uncommon trap: reason=bimorphic action=maybe_recompile pc=0x0000000005968930 method=com.android.dx.cf.code.BytecodeArray.parseInstruction(ILcom/android/dx/cf/code/BytecodeArray$Visitor;)I @ 1019
Event: 77.101 Thread 0x000000001b9f1800 Uncommon trap: reason=bimorphic action=maybe_recompile pc=0x00000000059688b8 method=com.android.dx.cf.code.BytecodeArray.parseInstruction(ILcom/android/dx/cf/code/BytecodeArray$Visitor;)I @ 1003
Event: 77.905 Thread 0x0000000019a8a800 Uncommon trap: reason=unstable_if action=reinterpret pc=0x000000000593fdd0 method=com.android.dx.rop.code.LocalItem.compareHandlesNulls(Lcom/android/dx/rop/cst/CstString;Lcom/android/dx/rop/cst/CstString;)I @ 8

Internal exceptions (10 events):
Event: 34.721 Thread 0x0000000019b5b000 Implicit null exception at 0x00000000047dad90 to 0x00000000047dadc1
Event: 46.822 Thread 0x0000000019b5b000 Implicit null exception at 0x000000000496aa37 to 0x000000000496b499
Event: 46.939 Thread 0x0000000019b5b000 Implicit null exception at 0x0000000004a9a2d2 to 0x0000000004a9a721
Event: 47.958 Thread 0x0000000019b5b000 Implicit null exception at 0x0000000004c4925f to 0x0000000004c494d5
Event: 55.766 Thread 0x0000000019b5b000 Exception <a 'java/lang/NoSuchMethodError': <clinit>> (0x00000000e29edf78) thrown at [C:\src\android\AOSP-openjdk\external\jetbrains\jdk\hotspot\src\share\vm\prims\jni.cpp, line 1591]
Event: 63.149 Thread 0x000000001b9f9000 Implicit null exception at 0x0000000003515762 to 0x0000000003515852
Event: 70.890 Thread 0x0000000019a95800 Implicit null exception at 0x00000000057a9fd9 to 0x00000000057ab591
Event: 70.891 Thread 0x0000000019a95800 Implicit null exception at 0x0000000005586589 to 0x0000000005587611
Event: 70.891 Thread 0x0000000019a95800 Implicit null exception at 0x0000000005714bdd to 0x00000000057160d9
Event: 77.905 Thread 0x0000000019a8a800 Implicit null exception at 0x000000000593ed5e to 0x000000000593fda9

Events (10 events):
Event: 79.031 Thread 0x000000001b9f5000 DEOPT PACKING pc=0x000000000543a2d7 sp=0x000000002288e490
Event: 79.031 Thread 0x000000001b9f5000 DEOPT UNPACKING pc=0x00000000032371bf sp=0x000000002288e2c0 mode 0
Event: 79.072 Thread 0x000000001b9f2000 DEOPT PACKING pc=0x000000000543a2d7 sp=0x0000000022c8ed40
Event: 79.072 Thread 0x000000001b9f2000 DEOPT UNPACKING pc=0x00000000032371bf sp=0x0000000022c8eb70 mode 0
Event: 79.115 Thread 0x0000000019a93000 DEOPT PACKING pc=0x000000000543a2a9 sp=0x0000000025f8e4b0
Event: 79.115 Thread 0x0000000019a93000 DEOPT UNPACKING pc=0x00000000032371bf sp=0x0000000025f8e2e0 mode 0
Event: 79.130 Thread 0x0000000019a93000 DEOPT PACKING pc=0x0000000004ce56f0 sp=0x0000000025f8e4d0
Event: 79.130 Thread 0x0000000019a93000 DEOPT UNPACKING pc=0x00000000032371bf sp=0x0000000025f8e2e0 mode 0
Event: 79.162 Thread 0x0000000019a92800 DEOPT PACKING pc=0x000000000543a2c0 sp=0x0000000025e8eab0
Event: 79.162 Thread 0x0000000019a92800 DEOPT UNPACKING pc=0x00000000032371bf sp=0x0000000025e8e8e0 mode 0


Dynamic libraries:
0x00007ff7a8e00000 - 0x00007ff7a8e31000 	C:\Program Files\Android\Android Studio\jre\bin\java.exe
0x00007ffbc3550000 - 0x00007ffbc3721000 	C:\WINDOWS\SYSTEM32\ntdll.dll
0x00007ffbc10d0000 - 0x00007ffbc117b000 	C:\WINDOWS\System32\KERNEL32.DLL
0x00007ffbc02b0000 - 0x00007ffbc04cd000 	C:\WINDOWS\System32\KERNELBASE.dll
0x00007ffbc14a0000 - 0x00007ffbc1542000 	C:\WINDOWS\System32\ADVAPI32.dll
0x00007ffbc0ae0000 - 0x00007ffbc0b7e000 	C:\WINDOWS\System32\msvcrt.dll
0x00007ffbc1440000 - 0x00007ffbc1499000 	C:\WINDOWS\System32\sechost.dll
0x00007ffbc30e0000 - 0x00007ffbc3201000 	C:\WINDOWS\System32\RPCRT4.dll
0x00007ffbc0db0000 - 0x00007ffbc0f15000 	C:\WINDOWS\System32\USER32.dll
0x00007ffbc0570000 - 0x00007ffbc058e000 	C:\WINDOWS\System32\win32u.dll
0x00007ffbc0f20000 - 0x00007ffbc0f54000 	C:\WINDOWS\System32\GDI32.dll
0x00007ffbbfa40000 - 0x00007ffbbfbc2000 	C:\WINDOWS\System32\gdi32full.dll
0x00007ffbb78f0000 - 0x00007ffbb7b69000 	C:\WINDOWS\WinSxS\amd64_microsoft.windows.common-controls_6595b64144ccf1df_6.0.14393.0_none_2d0f50fcbdb171b8\COMCTL32.dll
0x00007ffbc3280000 - 0x00007ffbc3547000 	C:\WINDOWS\System32\combase.dll
0x00007ffbc0690000 - 0x00007ffbc0785000 	C:\WINDOWS\System32\ucrtbase.dll
0x00007ffbc0a70000 - 0x00007ffbc0ada000 	C:\WINDOWS\System32\bcryptPrimitives.dll
0x00007ffbc30b0000 - 0x00007ffbc30de000 	C:\WINDOWS\System32\IMM32.DLL
0x0000000069f80000 - 0x000000006a052000 	C:\Program Files\Android\Android Studio\jre\jre\bin\msvcr100.dll
0x000000006a4a0000 - 0x000000006acd4000 	C:\Program Files\Android\Android Studio\jre\jre\bin\server\jvm.dll
0x00007ffbc0f60000 - 0x00007ffbc0f68000 	C:\WINDOWS\System32\PSAPI.DLL
0x00007ffbbde40000 - 0x00007ffbbde63000 	C:\WINDOWS\SYSTEM32\WINMM.dll
0x00007ffbbce60000 - 0x00007ffbbce6a000 	C:\WINDOWS\SYSTEM32\VERSION.dll
0x00007ffbb16a0000 - 0x00007ffbb16a9000 	C:\WINDOWS\SYSTEM32\WSOCK32.dll
0x00007ffbc12d0000 - 0x00007ffbc133a000 	C:\WINDOWS\System32\WS2_32.dll
0x00000000010a0000 - 0x00000000010cb000 	C:\WINDOWS\SYSTEM32\WINMMBASE.dll
0x00007ffbc0590000 - 0x00007ffbc05d2000 	C:\WINDOWS\System32\cfgmgr32.dll
0x00007ffba7210000 - 0x00007ffba721f000 	C:\Program Files\Android\Android Studio\jre\jre\bin\verify.dll
0x00007ffb9bfc0000 - 0x00007ffb9bfe9000 	C:\Program Files\Android\Android Studio\jre\jre\bin\java.dll
0x00007ffb9bfa0000 - 0x00007ffb9bfb6000 	C:\Program Files\Android\Android Studio\jre\jre\bin\zip.dll
0x00007ffbc1550000 - 0x00007ffbc2a58000 	C:\WINDOWS\System32\SHELL32.dll
0x00007ffbbfbd0000 - 0x00007ffbc02aa000 	C:\WINDOWS\System32\windows.storage.dll
0x00007ffbbf9d0000 - 0x00007ffbbfa1c000 	C:\WINDOWS\System32\powrprof.dll
0x00007ffbc1340000 - 0x00007ffbc1392000 	C:\WINDOWS\System32\shlwapi.dll
0x00007ffbbfa20000 - 0x00007ffbbfa2f000 	C:\WINDOWS\System32\kernel.appcore.dll
0x00007ffbc05e0000 - 0x00007ffbc0689000 	C:\WINDOWS\System32\shcore.dll
0x00007ffbbf9b0000 - 0x00007ffbbf9c4000 	C:\WINDOWS\System32\profapi.dll
0x00007ffb9bf80000 - 0x00007ffb9bf9a000 	C:\Program Files\Android\Android Studio\jre\jre\bin\net.dll
0x00007ffbbf110000 - 0x00007ffbbf16c000 	C:\WINDOWS\system32\mswsock.dll
0x00007ffb9bf60000 - 0x00007ffb9bf71000 	C:\Program Files\Android\Android Studio\jre\jre\bin\nio.dll
0x00007ffbb5ef0000 - 0x00007ffbb5f02000 	C:\Users\Odinaris\.gradle\native\19\windows-amd64\native-platform.dll
0x00007ffbbf510000 - 0x00007ffbbf527000 	C:\WINDOWS\SYSTEM32\CRYPTSP.dll
0x00007ffbbf350000 - 0x00007ffbbf383000 	C:\WINDOWS\system32\rsaenh.dll
0x00007ffbbf8f0000 - 0x00007ffbbf91b000 	C:\WINDOWS\SYSTEM32\bcrypt.dll
0x00007ffbbf3f0000 - 0x00007ffbbf40f000 	C:\WINDOWS\SYSTEM32\USERENV.dll
0x00007ffbbf530000 - 0x00007ffbbf53b000 	C:\WINDOWS\SYSTEM32\CRYPTBASE.dll
0x00007ffbbedb0000 - 0x00007ffbbede8000 	C:\WINDOWS\SYSTEM32\IPHLPAPI.DLL
0x00007ffbc1180000 - 0x00007ffbc1188000 	C:\WINDOWS\System32\NSI.dll
0x00007ffbb9620000 - 0x00007ffbb9636000 	C:\WINDOWS\SYSTEM32\dhcpcsvc6.DLL
0x00007ffbb9600000 - 0x00007ffbb961a000 	C:\WINDOWS\SYSTEM32\dhcpcsvc.DLL
0x00007ffbba920000 - 0x00007ffbba92d000 	C:\Program Files\Android\Android Studio\jre\jre\bin\management.dll

VM Arguments:
jvm_args: -Xmx1536m -Dfile.encoding=GBK -Duser.country=CN -Duser.language=zh -Duser.variant 
java_command: org.gradle.launcher.daemon.bootstrap.GradleDaemon 2.14.1
java_class_path (initial): C:\Program Files\Android\Android Studio\gradle\gradle-2.14.1\lib\gradle-launcher-2.14.1.jar
Launcher Type: SUN_STANDARD

Environment Variables:
PATH=C:\ProgramData\Oracle\Java\javapath;C:\WINDOWS\system32;C:\WINDOWS;C:\WINDOWS\System32\Wbem;C:\WINDOWS\System32\WindowsPowerShell\v1.0\;C:\Program Files (x86)\AMD\ATI.ACE\Core-Static;C:\Program Files\MATLAB\MATLAB Production Server\R2015a\runtime\win64;C:\Program Files\MATLAB\MATLAB Production Server\R2015a\bin;C:\Program Files\MATLAB\MATLAB Production Server\R2015a\polyspace\bin;C:\Program Files\MATLAB\MATLAB Production Server\R2015a\bin\win64;C:\Program Files\Microsoft\Web Platform Installer\;C:\Users\Odinaris\AppData\Local\Microsoft\WindowsApps;
USERNAME=Odinaris
OS=Windows_NT
PROCESSOR_IDENTIFIER=AMD64 Family 22 Model 48 Stepping 1, AuthenticAMD



---------------  S Y S T E M  ---------------

OS: Windows 10.0 , 64 bit Build 14393 (10.0.14393.0)

CPU:total 4 (4 cores per cpu, 1 threads per core) family 22 model 48 stepping 1, cmov, cx8, fxsr, mmx, sse, sse2, sse3, ssse3, sse4.1, sse4.2, popcnt, avx, aes, clmul, mmxext, 3dnowpref, lzcnt, sse4a, tsc, tscinvbit, tscinv, bmi1

Memory: 4k page, physical 7303540k(1098772k free), swap 7303540k(3780k free)

vm_info: OpenJDK 64-Bit Server VM (25.76-b03) for windows-amd64 JRE (1.8.0_76-release-b03), built on Jun 29 2016 19:09:20 by "ralucas" with MS VC++ 10.0 (VS2010)

time: Sun Oct 30 16:49:13 2016
elapsed time: 79 seconds (0d 0h 1m 19s)

